<?xml version="1.0" encoding="UTF-8"?>
<testsuite name="org.tickets.test.Testenviomensaje" tests="1" skipped="0" failures="0" errors="0" timestamp="2016-02-10T20:56:29" hostname="Yosimar-Valega" time="3.562">
  <properties/>
  <testcase name="testEnviarMensaje" classname="org.tickets.test.Testenviomensaje" time="3.562"/>
  <system-out><![CDATA[]]></system-out>
  <system-err><![CDATA[]]></system-err>
</testsuite>
